0 info it worked if it ends with ok
1 verbose cli [ 'D:\\nodejs\\\\node.exe',
1 verbose cli   'D:\\nodejs\\node_modules\\npm\\bin\\npm-cli.js',
1 verbose cli   'install',
1 verbose cli   '-g',
1 verbose cli   'express-generator' ]
2 info using npm@2.7.4
3 info using node@v0.12.2
4 verbose node symlink D:\nodejs\\node.exe
5 silly cache add args [ 'express-generator', null ]
6 verbose cache add spec express-generator
7 silly cache add parsed spec { raw: 'express-generator',
7 silly cache add   scope: null,
7 silly cache add   name: 'express-generator',
7 silly cache add   rawSpec: '',
7 silly cache add   spec: '*',
7 silly cache add   type: 'range' }
8 verbose addNamed express-generator@*
9 silly addNamed semver.valid null
10 silly addNamed semver.validRange *
11 silly addNameRange { name: 'express-generator', range: '*', hasData: false }
12 silly mapToRegistry name express-generator
13 silly mapToRegistry using default registry
14 silly mapToRegistry registry https://registry.npmjs.org/
15 silly mapToRegistry uri https://registry.npmjs.org/express-generator
16 verbose addNameRange registry:https://registry.npmjs.org/express-generator not in flight; fetching
17 verbose request uri https://registry.npmjs.org/express-generator
18 verbose request no auth needed
19 info attempt registry request try #1 at 10:17:06
20 verbose request id 5b3fe04b6bdbc1fa
21 verbose etag "C9S9J701JOWIH1CEHFTICBCPW"
22 http request GET https://registry.npmjs.org/express-generator
23 http 304 https://registry.npmjs.org/express-generator
24 silly get cb [ 304,
24 silly get   { date: 'Wed, 03 Jun 2015 02:16:41 GMT',
24 silly get     via: '1.1 varnish',
24 silly get     'cache-control': 'max-age=60',
24 silly get     etag: '"C9S9J701JOWIH1CEHFTICBCPW"',
24 silly get     age: '0',
24 silly get     connection: 'keep-alive',
24 silly get     'x-served-by': 'cache-fra1228-FRA',
24 silly get     'x-cache': 'HIT',
24 silly get     'x-cache-hits': '1',
24 silly get     'x-timer': 'S1433297801.495226,VS0,VE706',
24 silly get     vary: 'Accept' } ]
25 verbose etag https://registry.npmjs.org/express-generator from cache
26 verbose get saving express-generator to D:\nodejs\node_cache\registry.npmjs.org\express-generator\.cache.json
27 silly addNameRange number 2 { name: 'express-generator', range: '*', hasData: true }
28 silly addNameRange versions [ 'express-generator',
28 silly addNameRange   [ '1.0.0',
28 silly addNameRange     '3.0.0',
28 silly addNameRange     '4.0.0',
28 silly addNameRange     '4.2.0',
28 silly addNameRange     '4.8.0',
28 silly addNameRange     '4.9.0',
28 silly addNameRange     '4.10.0',
28 silly addNameRange     '4.11.0',
28 silly addNameRange     '4.11.1',
28 silly addNameRange     '4.11.2',
28 silly addNameRange     '4.12.0',
28 silly addNameRange     '4.12.1',
28 silly addNameRange     '4.12.4' ] ]
29 verbose addNamed express-generator@4.12.4
30 silly addNamed semver.valid 4.12.4
31 silly addNamed semver.validRange 4.12.4
32 silly cache afterAdd express-generator@4.12.4
33 verbose afterAdd D:\nodejs\node_cache\express-generator\4.12.4\package\package.json not in flight; writing
34 verbose afterAdd D:\nodejs\node_cache\express-generator\4.12.4\package\package.json written
35 silly install resolved [ { name: 'express-generator',
35 silly install resolved     description: 'Express\' application generator',
35 silly install resolved     version: '4.12.4',
35 silly install resolved     author: { name: 'TJ Holowaychuk', email: 'tj@vision-media.ca' },
35 silly install resolved     contributors: [ [Object], [Object], [Object], [Object], [Object], [Object] ],
35 silly install resolved     keywords:
35 silly install resolved      [ 'express',
35 silly install resolved        'framework',
35 silly install resolved        'sinatra',
35 silly install resolved        'web',
35 silly install resolved        'rest',
35 silly install resolved        'restful',
35 silly install resolved        'router',
35 silly install resolved        'app',
35 silly install resolved        'api' ],
35 silly install resolved     repository: { type: 'git', url: 'https://github.com/expressjs/generator' },
35 silly install resolved     license: 'MIT',
35 silly install resolved     dependencies: { commander: '2.6.0', mkdirp: '0.5.0', 'sorted-object': '1.0.0' },
35 silly install resolved     main: 'bin/express',
35 silly install resolved     preferGlobal: true,
35 silly install resolved     bin: { express: './bin/express' },
35 silly install resolved     devDependencies: { mocha: '~2.1.0', rimraf: '~2.2.8', supertest: '~0.15.0' },
35 silly install resolved     engines: { node: '>= 0.10' },
35 silly install resolved     files: [ 'LICENSE', 'bin/', 'templates/' ],
35 silly install resolved     scripts:
35 silly install resolved      { test: 'mocha --reporter spec --bail --check-leaks test/',
35 silly install resolved        'test-ci': 'mocha --reporter spec --check-leaks test/' },
35 silly install resolved     gitHead: '866ce8bb80e0eedd5dea0714cc9abfda3ae1c386',
35 silly install resolved     bugs: { url: 'https://github.com/expressjs/generator/issues' },
35 silly install resolved     homepage: 'https://github.com/expressjs/generator',
35 silly install resolved     _id: 'express-generator@4.12.4',
35 silly install resolved     _shasum: 'f779e24e98e7a5aef5c2326d6db1e12747d1f5df',
35 silly install resolved     _from: 'express-generator@*',
35 silly install resolved     _npmVersion: '1.4.28',
35 silly install resolved     _npmUser: { name: 'dougwilson', email: 'doug@somethingdoug.com' },
35 silly install resolved     maintainers: [ [Object], [Object], [Object], [Object], [Object], [Object] ],
35 silly install resolved     dist:
35 silly install resolved      { shasum: 'f779e24e98e7a5aef5c2326d6db1e12747d1f5df',
35 silly install resolved        tarball: 'http://registry.npmjs.org/express-generator/-/express-generator-4.12.4.tgz' },
35 silly install resolved     directories: {},
35 silly install resolved     _resolved: 'https://registry.npmjs.org/express-generator/-/express-generator-4.12.4.tgz',
35 silly install resolved     readme: 'ERROR: No README data found!' } ]
36 info install express-generator@4.12.4 into D:\nodejs\node_modules
37 info installOne express-generator@4.12.4
38 verbose installOne of express-generator to D:\nodejs\node_modules not in flight; installing
39 verbose lock using D:\nodejs\node_cache\_locks\express-generator-4233dd4c36dc05e7.lock for D:\nodejs\node_modules\node_modules\express-generator
40 silly install write writing express-generator 4.12.4 to D:\nodejs\node_modules\node_modules\express-generator
41 silly cache addNamed cb express-generator@4.12.4
42 verbose unbuild node_modules\express-generator
43 silly gentlyRm D:\nodejs\node_modules\node_modules\express-generator is being purged from base D:\nodejs\node_modules
44 verbose gentlyRm don't care about contents; nuking D:\nodejs\node_modules\node_modules\express-generator
45 verbose tar unpack D:\nodejs\node_cache\express-generator\4.12.4\package.tgz
46 verbose tar unpacking to D:\nodejs\node_modules\node_modules\express-generator
47 silly gentlyRm D:\nodejs\node_modules\node_modules\express-generator is being purged
48 verbose gentlyRm don't care about contents; nuking D:\nodejs\node_modules\node_modules\express-generator
49 silly gunzTarPerm modes [ '777', '666' ]
50 silly gunzTarPerm extractEntry package.json
51 silly gunzTarPerm extractEntry README.md
52 silly gunzTarPerm extractEntry LICENSE
53 silly gunzTarPerm extractEntry bin/express
54 silly gunzTarPerm extractEntry templates/css/style.css
55 silly gunzTarPerm extractEntry templates/css/style.less
56 silly gunzTarPerm extractEntry templates/css/style.scss
57 silly gunzTarPerm extractEntry templates/css/style.styl
58 silly gunzTarPerm extractEntry templates/ejs/error.ejs
59 silly gunzTarPerm extractEntry templates/ejs/index.ejs
60 silly gunzTarPerm extractEntry templates/hbs/error.hbs
61 silly gunzTarPerm extractEntry templates/hbs/index.hbs
62 silly gunzTarPerm extractEntry templates/hbs/layout.hbs
63 silly gunzTarPerm extractEntry templates/hogan/error.hjs
64 silly gunzTarPerm extractEntry templates/hogan/index.hjs
65 silly gunzTarPerm extractEntry templates/jade/error.jade
66 silly gunzTarPerm extractEntry templates/jade/index.jade
67 silly gunzTarPerm extractEntry templates/jade/layout.jade
68 silly gunzTarPerm extractEntry templates/js/app.js
69 silly gunzTarPerm extractEntry templates/js/gitignore
70 silly gunzTarPerm extractEntry templates/js/routes/index.js
71 silly gunzTarPerm extractEntry templates/js/routes/users.js
72 silly gunzTarPerm extractEntry templates/js/www
73 info preinstall express-generator@4.12.4
74 silly prepareForInstallMany adding commander@2.6.0 from express-generator dependencies
75 silly prepareForInstallMany adding mkdirp@0.5.0 from express-generator dependencies
76 silly prepareForInstallMany adding sorted-object@1.0.0 from express-generator dependencies
77 silly cache add args [ 'commander@2.6.0', null ]
78 verbose cache add spec commander@2.6.0
79 silly cache add args [ 'mkdirp@0.5.0', null ]
80 verbose cache add spec mkdirp@0.5.0
81 silly cache add parsed spec { raw: 'commander@2.6.0',
81 silly cache add   scope: null,
81 silly cache add   name: 'commander',
81 silly cache add   rawSpec: '2.6.0',
81 silly cache add   spec: '2.6.0',
81 silly cache add   type: 'version' }
82 verbose addNamed commander@2.6.0
83 silly addNamed semver.valid 2.6.0
84 silly addNamed semver.validRange 2.6.0
85 silly mapToRegistry name commander
86 silly mapToRegistry using default registry
87 silly mapToRegistry registry https://registry.npmjs.org/
88 silly mapToRegistry uri https://registry.npmjs.org/commander
89 verbose addNameVersion registry:https://registry.npmjs.org/commander not in flight; fetching
90 silly cache add parsed spec { raw: 'mkdirp@0.5.0',
90 silly cache add   scope: null,
90 silly cache add   name: 'mkdirp',
90 silly cache add   rawSpec: '0.5.0',
90 silly cache add   spec: '0.5.0',
90 silly cache add   type: 'version' }
91 verbose addNamed mkdirp@0.5.0
92 silly addNamed semver.valid 0.5.0
93 silly addNamed semver.validRange 0.5.0
94 silly mapToRegistry name mkdirp
95 silly mapToRegistry using default registry
96 silly mapToRegistry registry https://registry.npmjs.org/
97 silly mapToRegistry uri https://registry.npmjs.org/mkdirp
98 verbose addNameVersion registry:https://registry.npmjs.org/mkdirp not in flight; fetching
99 silly cache add args [ 'sorted-object@1.0.0', null ]
100 verbose cache add spec sorted-object@1.0.0
101 silly cache add parsed spec { raw: 'sorted-object@1.0.0',
101 silly cache add   scope: null,
101 silly cache add   name: 'sorted-object',
101 silly cache add   rawSpec: '1.0.0',
101 silly cache add   spec: '1.0.0',
101 silly cache add   type: 'version' }
102 verbose addNamed sorted-object@1.0.0
103 silly addNamed semver.valid 1.0.0
104 silly addNamed semver.validRange 1.0.0
105 silly mapToRegistry name sorted-object
106 silly mapToRegistry using default registry
107 silly mapToRegistry registry https://registry.npmjs.org/
108 silly mapToRegistry uri https://registry.npmjs.org/sorted-object
109 verbose addNameVersion registry:https://registry.npmjs.org/sorted-object not in flight; fetching
110 verbose request uri https://registry.npmjs.org/mkdirp
111 verbose request no auth needed
112 info attempt registry request try #1 at 10:17:09
113 verbose etag "KK9LR8QPIP51Q21VSR8V3R12"
114 http request GET https://registry.npmjs.org/mkdirp
115 verbose request uri https://registry.npmjs.org/commander
116 verbose request no auth needed
117 info attempt registry request try #1 at 10:17:09
118 verbose etag "7EYS0SATHKNXMQF0LDO8MVG0D"
119 http request GET https://registry.npmjs.org/commander
120 verbose request uri https://registry.npmjs.org/sorted-object
121 verbose request no auth needed
122 info attempt registry request try #1 at 10:17:09
123 verbose etag "916LJ205YNQ3JWJEL3GJFWR3Z"
124 http request GET https://registry.npmjs.org/sorted-object
125 http 304 https://registry.npmjs.org/mkdirp
126 silly get cb [ 304,
126 silly get   { date: 'Wed, 03 Jun 2015 02:16:44 GMT',
126 silly get     via: '1.1 varnish',
126 silly get     'cache-control': 'max-age=60',
126 silly get     etag: '"KK9LR8QPIP51Q21VSR8V3R12"',
126 silly get     age: '48',
126 silly get     connection: 'keep-alive',
126 silly get     'x-served-by': 'cache-fra1246-FRA',
126 silly get     'x-cache': 'HIT',
126 silly get     'x-cache-hits': '2',
126 silly get     'x-timer': 'S1433297804.038553,VS0,VE0',
126 silly get     vary: 'Accept' } ]
127 verbose etag https://registry.npmjs.org/mkdirp from cache
128 verbose get saving mkdirp to D:\nodejs\node_cache\registry.npmjs.org\mkdirp\.cache.json
129 http 304 https://registry.npmjs.org/commander
130 silly get cb [ 304,
130 silly get   { date: 'Wed, 03 Jun 2015 02:16:44 GMT',
130 silly get     via: '1.1 varnish',
130 silly get     'cache-control': 'max-age=60',
130 silly get     etag: '"7EYS0SATHKNXMQF0LDO8MVG0D"',
130 silly get     age: '33',
130 silly get     connection: 'keep-alive',
130 silly get     'x-served-by': 'cache-fra1235-FRA',
130 silly get     'x-cache': 'HIT',
130 silly get     'x-cache-hits': '1',
130 silly get     'x-timer': 'S1433297804.047190,VS0,VE0',
130 silly get     vary: 'Accept' } ]
131 verbose etag https://registry.npmjs.org/commander from cache
132 verbose get saving commander to D:\nodejs\node_cache\registry.npmjs.org\commander\.cache.json
133 silly cache afterAdd mkdirp@0.5.0
134 verbose afterAdd D:\nodejs\node_cache\mkdirp\0.5.0\package\package.json not in flight; writing
135 verbose afterAdd D:\nodejs\node_cache\mkdirp\0.5.0\package\package.json written
136 silly cache afterAdd commander@2.6.0
137 verbose afterAdd D:\nodejs\node_cache\commander\2.6.0\package\package.json not in flight; writing
138 verbose afterAdd D:\nodejs\node_cache\commander\2.6.0\package\package.json written
139 http 304 https://registry.npmjs.org/sorted-object
140 silly get cb [ 304,
140 silly get   { date: 'Wed, 03 Jun 2015 02:16:44 GMT',
140 silly get     via: '1.1 varnish',
140 silly get     'cache-control': 'max-age=60',
140 silly get     etag: '"916LJ205YNQ3JWJEL3GJFWR3Z"',
140 silly get     age: '0',
140 silly get     connection: 'keep-alive',
140 silly get     'x-served-by': 'cache-fra1224-FRA',
140 silly get     'x-cache': 'HIT',
140 silly get     'x-cache-hits': '1',
140 silly get     'x-timer': 'S1433297804.056318,VS0,VE711',
140 silly get     vary: 'Accept' } ]
141 verbose etag https://registry.npmjs.org/sorted-object from cache
142 verbose get saving sorted-object to D:\nodejs\node_cache\registry.npmjs.org\sorted-object\.cache.json
143 silly cache afterAdd sorted-object@1.0.0
144 verbose afterAdd D:\nodejs\node_cache\sorted-object\1.0.0\package\package.json not in flight; writing
145 verbose afterAdd D:\nodejs\node_cache\sorted-object\1.0.0\package\package.json written
146 silly install resolved [ { name: 'mkdirp',
146 silly install resolved     description: 'Recursively mkdir, like `mkdir -p`',
146 silly install resolved     version: '0.5.0',
146 silly install resolved     author:
146 silly install resolved      { name: 'James Halliday',
146 silly install resolved        email: 'mail@substack.net',
146 silly install resolved        url: 'http://substack.net' },
146 silly install resolved     main: './index',
146 silly install resolved     keywords: [ 'mkdir', 'directory' ],
146 silly install resolved     repository:
146 silly install resolved      { type: 'git',
146 silly install resolved        url: 'https://github.com/substack/node-mkdirp.git' },
146 silly install resolved     scripts: { test: 'tap test/*.js' },
146 silly install resolved     dependencies: { minimist: '0.0.8' },
146 silly install resolved     devDependencies: { tap: '~0.4.0', 'mock-fs': '~2.2.0' },
146 silly install resolved     bin: { mkdirp: 'bin/cmd.js' },
146 silly install resolved     license: 'MIT',
146 silly install resolved     bugs: { url: 'https://github.com/substack/node-mkdirp/issues' },
146 silly install resolved     homepage: 'https://github.com/substack/node-mkdirp',
146 silly install resolved     _id: 'mkdirp@0.5.0',
146 silly install resolved     dist:
146 silly install resolved      { shasum: '1d73076a6df986cd9344e15e71fcc05a4c9abf12',
146 silly install resolved        tarball: 'http://registry.npmjs.org/mkdirp/-/mkdirp-0.5.0.tgz' },
146 silly install resolved     _from: 'mkdirp@0.5.0',
146 silly install resolved     _npmVersion: '1.4.3',
146 silly install resolved     _npmUser: { name: 'substack', email: 'mail@substack.net' },
146 silly install resolved     maintainers: [ [Object] ],
146 silly install resolved     directories: {},
146 silly install resolved     _shasum: '1d73076a6df986cd9344e15e71fcc05a4c9abf12',
146 silly install resolved     _resolved: 'https://registry.npmjs.org/mkdirp/-/mkdirp-0.5.0.tgz',
146 silly install resolved     readme: 'ERROR: No README data found!' },
146 silly install resolved   { name: 'commander',
146 silly install resolved     version: '2.6.0',
146 silly install resolved     description: 'the complete solution for node.js command-line programs',
146 silly install resolved     keywords: [ 'command', 'option', 'parser', 'prompt' ],
146 silly install resolved     author: { name: 'TJ Holowaychuk', email: 'tj@vision-media.ca' },
146 silly install resolved     license: 'MIT',
146 silly install resolved     repository: { type: 'git', url: 'https://github.com/tj/commander.js.git' },
146 silly install resolved     devDependencies: { should: '>= 0.0.1' },
146 silly install resolved     scripts: { test: 'make test' },
146 silly install resolved     main: 'index',
146 silly install resolved     engines: { node: '>= 0.6.x' },
146 silly install resolved     files: [ 'index.js' ],
146 silly install resolved     gitHead: 'c6807fd154dd3b7ce8756f141f8d3acfcc74be60',
146 silly install resolved     bugs: { url: 'https://github.com/tj/commander.js/issues' },
146 silly install resolved     homepage: 'https://github.com/tj/commander.js',
146 silly install resolved     _id: 'commander@2.6.0',
146 silly install resolved     _shasum: '9df7e52fb2a0cb0fb89058ee80c3104225f37e1d',
146 silly install resolved     _from: 'commander@2.6.0',
146 silly install resolved     _npmVersion: '2.1.12',
146 silly install resolved     _nodeVersion: '0.11.14',
146 silly install resolved     _npmUser: { name: 'zhiyelee', email: 'zhiyelee@gmail.com' },
146 silly install resolved     maintainers: [ [Object], [Object], [Object], [Object] ],
146 silly install resolved     dist:
146 silly install resolved      { shasum: '9df7e52fb2a0cb0fb89058ee80c3104225f37e1d',
146 silly install resolved        tarball: 'http://registry.npmjs.org/commander/-/commander-2.6.0.tgz' },
146 silly install resolved     directories: {},
146 silly install resolved     _resolved: 'https://registry.npmjs.org/commander/-/commander-2.6.0.tgz',
146 silly install resolved     readme: 'ERROR: No README data found!' },
146 silly install resolved   { name: 'sorted-object',
146 silly install resolved     description: 'Returns a copy of an object with its keys sorted',
146 silly install resolved     keywords: [ 'sort', 'keys', 'object' ],
146 silly install resolved     version: '1.0.0',
146 silly install resolved     author:
146 silly install resolved      { name: 'Domenic Denicola',
146 silly install resolved        email: 'domenic@domenicdenicola.com',
146 silly install resolved        url: 'http://domenic.me/' },
146 silly install resolved     license: 'WTFPL',
146 silly install resolved     repository:
146 silly install resolved      { type: 'git',
146 silly install resolved        url: 'git://github.com/domenic/sorted-object.git' },
146 silly install resolved     bugs: { url: 'http://github.com/domenic/sorted-object/issues' },
146 silly install resolved     main: 'lib/sorted-object.js',
146 silly install resolved     scripts:
146 silly install resolved      { test: 'tape test/tests.js',
146 silly install resolved        lint: 'jshint lib && jshint test' },
146 silly install resolved     devDependencies: { jshint: '~2.4.3', tape: '~2.4.2' },
146 silly install resolved     homepage: 'https://github.com/domenic/sorted-object',
146 silly install resolved     _id: 'sorted-object@1.0.0',
146 silly install resolved     dist:
146 silly install resolved      { shasum: '5d1f4f9c1fb2cd48965967304e212eb44cfb6d05',
146 silly install resolved        tarball: 'http://registry.npmjs.org/sorted-object/-/sorted-object-1.0.0.tgz' },
146 silly install resolved     _from: 'sorted-object@1.0.0',
146 silly install resolved     _npmVersion: '1.3.25',
146 silly install resolved     _npmUser: { name: 'domenic', email: 'domenic@domenicdenicola.com' },
146 silly install resolved     maintainers: [ [Object] ],
146 silly install resolved     directories: {},
146 silly install resolved     _shasum: '5d1f4f9c1fb2cd48965967304e212eb44cfb6d05',
146 silly install resolved     _resolved: 'https://registry.npmjs.org/sorted-object/-/sorted-object-1.0.0.tgz',
146 silly install resolved     readme: 'ERROR: No README data found!' } ]
147 info install mkdirp@0.5.0 into D:\nodejs\node_modules\node_modules\express-generator
148 info install commander@2.6.0 into D:\nodejs\node_modules\node_modules\express-generator
149 info install sorted-object@1.0.0 into D:\nodejs\node_modules\node_modules\express-generator
150 info installOne mkdirp@0.5.0
151 verbose installOne of mkdirp to D:\nodejs\node_modules\node_modules\express-generator not in flight; installing
152 info installOne commander@2.6.0
153 verbose installOne of commander to D:\nodejs\node_modules\node_modules\express-generator not in flight; installing
154 info installOne sorted-object@1.0.0
155 verbose installOne of sorted-object to D:\nodejs\node_modules\node_modules\express-generator not in flight; installing
156 verbose lock using D:\nodejs\node_cache\_locks\commander-6b684880a3d3a53f.lock for D:\nodejs\node_modules\node_modules\express-generator\node_modules\commander
157 verbose lock using D:\nodejs\node_cache\_locks\mkdirp-3df42cc31f06c284.lock for D:\nodejs\node_modules\node_modules\express-generator\node_modules\mkdirp
158 silly install write writing commander 2.6.0 to D:\nodejs\node_modules\node_modules\express-generator\node_modules\commander
159 silly cache addNamed cb commander@2.6.0
160 verbose unbuild node_modules\express-generator\node_modules\commander
161 verbose lock using D:\nodejs\node_cache\_locks\sorted-object-b50dcc4a90df600e.lock for D:\nodejs\node_modules\node_modules\express-generator\node_modules\sorted-object
162 silly install write writing mkdirp 0.5.0 to D:\nodejs\node_modules\node_modules\express-generator\node_modules\mkdirp
163 silly cache addNamed cb mkdirp@0.5.0
164 verbose unbuild node_modules\express-generator\node_modules\mkdirp
165 silly install write writing sorted-object 1.0.0 to D:\nodejs\node_modules\node_modules\express-generator\node_modules\sorted-object
166 silly cache addNamed cb sorted-object@1.0.0
167 verbose unbuild node_modules\express-generator\node_modules\sorted-object
168 silly gentlyRm D:\nodejs\node_modules\node_modules\express-generator\node_modules\commander is being purged from base D:\nodejs\node_modules
169 verbose gentlyRm don't care about contents; nuking D:\nodejs\node_modules\node_modules\express-generator\node_modules\commander
170 silly gentlyRm D:\nodejs\node_modules\node_modules\express-generator\node_modules\mkdirp is being purged from base D:\nodejs\node_modules
171 verbose gentlyRm don't care about contents; nuking D:\nodejs\node_modules\node_modules\express-generator\node_modules\mkdirp
172 verbose tar unpack D:\nodejs\node_cache\commander\2.6.0\package.tgz
173 verbose tar unpacking to D:\nodejs\node_modules\node_modules\express-generator\node_modules\commander
174 silly gentlyRm D:\nodejs\node_modules\node_modules\express-generator\node_modules\commander is being purged
175 verbose gentlyRm don't care about contents; nuking D:\nodejs\node_modules\node_modules\express-generator\node_modules\commander
176 silly gentlyRm D:\nodejs\node_modules\node_modules\express-generator\node_modules\sorted-object is being purged from base D:\nodejs\node_modules
177 verbose gentlyRm don't care about contents; nuking D:\nodejs\node_modules\node_modules\express-generator\node_modules\sorted-object
178 verbose tar unpack D:\nodejs\node_cache\mkdirp\0.5.0\package.tgz
179 verbose tar unpacking to D:\nodejs\node_modules\node_modules\express-generator\node_modules\mkdirp
180 silly gentlyRm D:\nodejs\node_modules\node_modules\express-generator\node_modules\mkdirp is being purged
181 verbose gentlyRm don't care about contents; nuking D:\nodejs\node_modules\node_modules\express-generator\node_modules\mkdirp
182 silly gunzTarPerm modes [ '777', '666' ]
183 verbose tar unpack D:\nodejs\node_cache\sorted-object\1.0.0\package.tgz
184 verbose tar unpacking to D:\nodejs\node_modules\node_modules\express-generator\node_modules\sorted-object
185 silly gentlyRm D:\nodejs\node_modules\node_modules\express-generator\node_modules\sorted-object is being purged
186 verbose gentlyRm don't care about contents; nuking D:\nodejs\node_modules\node_modules\express-generator\node_modules\sorted-object
187 silly gunzTarPerm modes [ '777', '666' ]
188 silly gunzTarPerm modes [ '777', '666' ]
189 silly gunzTarPerm extractEntry package.json
190 silly gunzTarPerm extractEntry package.json
191 silly gunzTarPerm modified mode [ 'package.json', 436, 438 ]
192 silly gunzTarPerm extractEntry README.md
193 silly gunzTarPerm extractEntry lib/sorted-object.js
194 silly gunzTarPerm extractEntry index.js
195 silly gunzTarPerm modified mode [ 'index.js', 436, 438 ]
196 silly gunzTarPerm extractEntry Readme.md
197 silly gunzTarPerm modified mode [ 'Readme.md', 436, 438 ]
198 silly gunzTarPerm extractEntry History.md
199 silly gunzTarPerm modified mode [ 'History.md', 436, 438 ]
200 silly gunzTarPerm extractEntry package.json
201 silly gunzTarPerm modified mode [ 'package.json', 420, 438 ]
202 silly gunzTarPerm extractEntry LICENSE.txt
203 silly gunzTarPerm extractEntry .npmignore
204 silly gunzTarPerm modified mode [ '.npmignore', 420, 438 ]
205 silly gunzTarPerm extractEntry LICENSE
206 silly gunzTarPerm modified mode [ 'LICENSE', 420, 438 ]
207 silly gunzTarPerm extractEntry index.js
208 silly gunzTarPerm modified mode [ 'index.js', 420, 438 ]
209 silly gunzTarPerm extractEntry .travis.yml
210 silly gunzTarPerm modified mode [ '.travis.yml', 420, 438 ]
211 silly gunzTarPerm extractEntry bin/cmd.js
212 silly gunzTarPerm modified mode [ 'bin/cmd.js', 493, 511 ]
213 silly gunzTarPerm extractEntry bin/usage.txt
214 silly gunzTarPerm modified mode [ 'bin/usage.txt', 420, 438 ]
215 silly gunzTarPerm extractEntry examples/pow.js
216 silly gunzTarPerm modified mode [ 'examples/pow.js', 420, 438 ]
217 silly gunzTarPerm extractEntry readme.markdown
218 silly gunzTarPerm modified mode [ 'readme.markdown', 420, 438 ]
219 info preinstall sorted-object@1.0.0
220 silly install resolved []
221 verbose about to build D:\nodejs\node_modules\node_modules\express-generator\node_modules\sorted-object
222 info build D:\nodejs\node_modules\node_modules\express-generator\node_modules\sorted-object
223 verbose linkStuff [ true,
223 verbose linkStuff   'D:\\nodejs\\node_modules\\node_modules',
223 verbose linkStuff   false,
223 verbose linkStuff   'D:\\nodejs\\node_modules\\node_modules\\express-generator\\node_modules' ]
224 info linkStuff sorted-object@1.0.0
225 silly gunzTarPerm extractEntry test/chmod.js
226 silly gunzTarPerm modified mode [ 'test/chmod.js', 420, 438 ]
227 silly gunzTarPerm extractEntry test/opts_fs_sync.js
228 silly gunzTarPerm modified mode [ 'test/opts_fs_sync.js', 420, 438 ]
229 silly gunzTarPerm extractEntry test/perm.js
230 silly gunzTarPerm modified mode [ 'test/perm.js', 420, 438 ]
231 silly gunzTarPerm extractEntry test/perm_sync.js
232 silly gunzTarPerm modified mode [ 'test/perm_sync.js', 420, 438 ]
233 silly gunzTarPerm extractEntry test/opts_fs.js
234 silly gunzTarPerm modified mode [ 'test/opts_fs.js', 420, 438 ]
235 silly gunzTarPerm extractEntry test/rel.js
236 silly gunzTarPerm modified mode [ 'test/rel.js', 420, 438 ]
237 silly gunzTarPerm extractEntry test/return.js
238 silly gunzTarPerm modified mode [ 'test/return.js', 420, 438 ]
239 silly gunzTarPerm extractEntry test/return_sync.js
240 silly gunzTarPerm modified mode [ 'test/return_sync.js', 420, 438 ]
241 silly gunzTarPerm extractEntry test/root.js
242 silly gunzTarPerm modified mode [ 'test/root.js', 420, 438 ]
243 silly gunzTarPerm extractEntry test/sync.js
244 silly gunzTarPerm modified mode [ 'test/sync.js', 420, 438 ]
245 silly gunzTarPerm extractEntry test/mkdirp.js
246 silly gunzTarPerm modified mode [ 'test/mkdirp.js', 420, 438 ]
247 silly gunzTarPerm extractEntry test/umask.js
248 silly gunzTarPerm modified mode [ 'test/umask.js', 420, 438 ]
249 silly gunzTarPerm extractEntry test/clobber.js
250 silly gunzTarPerm modified mode [ 'test/clobber.js', 420, 438 ]
251 silly gunzTarPerm extractEntry test/umask_sync.js
252 silly gunzTarPerm modified mode [ 'test/umask_sync.js', 420, 438 ]
253 silly gunzTarPerm extractEntry test/race.js
254 silly gunzTarPerm modified mode [ 'test/race.js', 420, 438 ]
255 verbose linkBins sorted-object@1.0.0
256 verbose linkMans sorted-object@1.0.0
257 verbose rebuildBundles sorted-object@1.0.0
258 info install sorted-object@1.0.0
259 info postinstall sorted-object@1.0.0
260 verbose unlock done using D:\nodejs\node_cache\_locks\sorted-object-b50dcc4a90df600e.lock for D:\nodejs\node_modules\node_modules\express-generator\node_modules\sorted-object
261 info preinstall commander@2.6.0
262 silly install resolved []
263 verbose about to build D:\nodejs\node_modules\node_modules\express-generator\node_modules\commander
264 info build D:\nodejs\node_modules\node_modules\express-generator\node_modules\commander
265 verbose linkStuff [ true,
265 verbose linkStuff   'D:\\nodejs\\node_modules\\node_modules',
265 verbose linkStuff   false,
265 verbose linkStuff   'D:\\nodejs\\node_modules\\node_modules\\express-generator\\node_modules' ]
266 info linkStuff commander@2.6.0
267 verbose linkBins commander@2.6.0
268 verbose linkMans commander@2.6.0
269 verbose rebuildBundles commander@2.6.0
270 info install commander@2.6.0
271 info postinstall commander@2.6.0
272 verbose unlock done using D:\nodejs\node_cache\_locks\commander-6b684880a3d3a53f.lock for D:\nodejs\node_modules\node_modules\express-generator\node_modules\commander
273 info preinstall mkdirp@0.5.0
274 silly prepareForInstallMany adding minimist@0.0.8 from mkdirp dependencies
275 silly cache add args [ 'minimist@0.0.8', null ]
276 verbose cache add spec minimist@0.0.8
277 silly cache add parsed spec { raw: 'minimist@0.0.8',
277 silly cache add   scope: null,
277 silly cache add   name: 'minimist',
277 silly cache add   rawSpec: '0.0.8',
277 silly cache add   spec: '0.0.8',
277 silly cache add   type: 'version' }
278 verbose addNamed minimist@0.0.8
279 silly addNamed semver.valid 0.0.8
280 silly addNamed semver.validRange 0.0.8
281 silly mapToRegistry name minimist
282 silly mapToRegistry using default registry
283 silly mapToRegistry registry https://registry.npmjs.org/
284 silly mapToRegistry uri https://registry.npmjs.org/minimist
285 verbose addNameVersion registry:https://registry.npmjs.org/minimist not in flight; fetching
286 verbose request uri https://registry.npmjs.org/minimist
287 verbose request no auth needed
288 info attempt registry request try #1 at 10:17:12
289 verbose etag "3HSKZR20G9QNJTG99KBHO72DL"
290 http request GET https://registry.npmjs.org/minimist
291 http 304 https://registry.npmjs.org/minimist
292 silly get cb [ 304,
292 silly get   { date: 'Wed, 03 Jun 2015 02:16:46 GMT',
292 silly get     via: '1.1 varnish',
292 silly get     'cache-control': 'max-age=60',
292 silly get     etag: '"3HSKZR20G9QNJTG99KBHO72DL"',
292 silly get     age: '47',
292 silly get     connection: 'keep-alive',
292 silly get     'x-served-by': 'cache-fra1230-FRA',
292 silly get     'x-cache': 'HIT',
292 silly get     'x-cache-hits': '2',
292 silly get     'x-timer': 'S1433297806.586404,VS0,VE0',
292 silly get     vary: 'Accept' } ]
293 verbose etag https://registry.npmjs.org/minimist from cache
294 verbose get saving minimist to D:\nodejs\node_cache\registry.npmjs.org\minimist\.cache.json
295 silly cache afterAdd minimist@0.0.8
296 verbose afterAdd D:\nodejs\node_cache\minimist\0.0.8\package\package.json not in flight; writing
297 verbose afterAdd D:\nodejs\node_cache\minimist\0.0.8\package\package.json written
298 silly install resolved [ { name: 'minimist',
298 silly install resolved     version: '0.0.8',
298 silly install resolved     description: 'parse argument options',
298 silly install resolved     main: 'index.js',
298 silly install resolved     devDependencies: { tape: '~1.0.4', tap: '~0.4.0' },
298 silly install resolved     scripts: { test: 'tap test/*.js' },
298 silly install resolved     testling: { files: 'test/*.js', browsers: [Object] },
298 silly install resolved     repository: { type: 'git', url: 'git://github.com/substack/minimist.git' },
298 silly install resolved     homepage: 'https://github.com/substack/minimist',
298 silly install resolved     keywords: [ 'argv', 'getopt', 'parser', 'optimist' ],
298 silly install resolved     author:
298 silly install resolved      { name: 'James Halliday',
298 silly install resolved        email: 'mail@substack.net',
298 silly install resolved        url: 'http://substack.net' },
298 silly install resolved     license: 'MIT',
298 silly install resolved     bugs: { url: 'https://github.com/substack/minimist/issues' },
298 silly install resolved     _id: 'minimist@0.0.8',
298 silly install resolved     dist:
298 silly install resolved      { shasum: '857fcabfc3397d2625b8228262e86aa7a011b05d',
298 silly install resolved        tarball: 'http://registry.npmjs.org/minimist/-/minimist-0.0.8.tgz' },
298 silly install resolved     _from: 'minimist@0.0.8',
298 silly install resolved     _npmVersion: '1.4.3',
298 silly install resolved     _npmUser: { name: 'substack', email: 'mail@substack.net' },
298 silly install resolved     maintainers: [ [Object] ],
298 silly install resolved     directories: {},
298 silly install resolved     _shasum: '857fcabfc3397d2625b8228262e86aa7a011b05d',
298 silly install resolved     _resolved: 'https://registry.npmjs.org/minimist/-/minimist-0.0.8.tgz',
298 silly install resolved     readme: 'ERROR: No README data found!' } ]
299 info install minimist@0.0.8 into D:\nodejs\node_modules\node_modules\express-generator\node_modules\mkdirp
300 info installOne minimist@0.0.8
301 verbose installOne of minimist to D:\nodejs\node_modules\node_modules\express-generator\node_modules\mkdirp not in flight; installing
302 verbose lock using D:\nodejs\node_cache\_locks\minimist-7d5f75ef75a72588.lock for D:\nodejs\node_modules\node_modules\express-generator\node_modules\mkdirp\node_modules\minimist
303 silly install write writing minimist 0.0.8 to D:\nodejs\node_modules\node_modules\express-generator\node_modules\mkdirp\node_modules\minimist
304 silly cache addNamed cb minimist@0.0.8
305 verbose unbuild node_modules\express-generator\node_modules\mkdirp\node_modules\minimist
306 silly gentlyRm D:\nodejs\node_modules\node_modules\express-generator\node_modules\mkdirp\node_modules\minimist is being purged from base D:\nodejs\node_modules
307 verbose gentlyRm don't care about contents; nuking D:\nodejs\node_modules\node_modules\express-generator\node_modules\mkdirp\node_modules\minimist
308 verbose tar unpack D:\nodejs\node_cache\minimist\0.0.8\package.tgz
309 verbose tar unpacking to D:\nodejs\node_modules\node_modules\express-generator\node_modules\mkdirp\node_modules\minimist
310 silly gentlyRm D:\nodejs\node_modules\node_modules\express-generator\node_modules\mkdirp\node_modules\minimist is being purged
311 verbose gentlyRm don't care about contents; nuking D:\nodejs\node_modules\node_modules\express-generator\node_modules\mkdirp\node_modules\minimist
312 silly gunzTarPerm modes [ '777', '666' ]
313 silly gunzTarPerm extractEntry package.json
314 silly gunzTarPerm modified mode [ 'package.json', 420, 438 ]
315 silly gunzTarPerm extractEntry LICENSE
316 silly gunzTarPerm modified mode [ 'LICENSE', 420, 438 ]
317 silly gunzTarPerm extractEntry index.js
318 silly gunzTarPerm modified mode [ 'index.js', 420, 438 ]
319 silly gunzTarPerm extractEntry .travis.yml
320 silly gunzTarPerm modified mode [ '.travis.yml', 420, 438 ]
321 silly gunzTarPerm extractEntry example/parse.js
322 silly gunzTarPerm modified mode [ 'example/parse.js', 420, 438 ]
323 silly gunzTarPerm extractEntry readme.markdown
324 silly gunzTarPerm modified mode [ 'readme.markdown', 420, 438 ]
325 silly gunzTarPerm extractEntry test/dash.js
326 silly gunzTarPerm modified mode [ 'test/dash.js', 420, 438 ]
327 silly gunzTarPerm extractEntry test/default_bool.js
328 silly gunzTarPerm modified mode [ 'test/default_bool.js', 420, 438 ]
329 silly gunzTarPerm extractEntry test/dotted.js
330 silly gunzTarPerm modified mode [ 'test/dotted.js', 420, 438 ]
331 silly gunzTarPerm extractEntry test/long.js
332 silly gunzTarPerm modified mode [ 'test/long.js', 420, 438 ]
333 silly gunzTarPerm extractEntry test/parse.js
334 silly gunzTarPerm modified mode [ 'test/parse.js', 420, 438 ]
335 silly gunzTarPerm extractEntry test/parse_modified.js
336 silly gunzTarPerm modified mode [ 'test/parse_modified.js', 420, 438 ]
337 silly gunzTarPerm extractEntry test/short.js
338 silly gunzTarPerm modified mode [ 'test/short.js', 420, 438 ]
339 silly gunzTarPerm extractEntry test/whitespace.js
340 silly gunzTarPerm modified mode [ 'test/whitespace.js', 420, 438 ]
341 info preinstall minimist@0.0.8
342 silly install resolved []
343 verbose about to build D:\nodejs\node_modules\node_modules\express-generator\node_modules\mkdirp\node_modules\minimist
344 info build D:\nodejs\node_modules\node_modules\express-generator\node_modules\mkdirp\node_modules\minimist
345 verbose linkStuff [ true,
345 verbose linkStuff   'D:\\nodejs\\node_modules\\node_modules',
345 verbose linkStuff   false,
345 verbose linkStuff   'D:\\nodejs\\node_modules\\node_modules\\express-generator\\node_modules\\mkdirp\\node_modules' ]
346 info linkStuff minimist@0.0.8
347 verbose linkBins minimist@0.0.8
348 verbose linkMans minimist@0.0.8
349 verbose rebuildBundles minimist@0.0.8
350 info install minimist@0.0.8
351 info postinstall minimist@0.0.8
352 verbose unlock done using D:\nodejs\node_cache\_locks\minimist-7d5f75ef75a72588.lock for D:\nodejs\node_modules\node_modules\express-generator\node_modules\mkdirp\node_modules\minimist
353 verbose about to build D:\nodejs\node_modules\node_modules\express-generator\node_modules\mkdirp
354 info build D:\nodejs\node_modules\node_modules\express-generator\node_modules\mkdirp
355 verbose linkStuff [ true,
355 verbose linkStuff   'D:\\nodejs\\node_modules\\node_modules',
355 verbose linkStuff   false,
355 verbose linkStuff   'D:\\nodejs\\node_modules\\node_modules\\express-generator\\node_modules' ]
356 info linkStuff mkdirp@0.5.0
357 verbose linkBins mkdirp@0.5.0
358 verbose link bins [ { mkdirp: 'bin/cmd.js' },
358 verbose link bins   'D:\\nodejs\\node_modules\\node_modules\\express-generator\\node_modules\\.bin',
358 verbose link bins   false ]
359 verbose linkMans mkdirp@0.5.0
360 verbose rebuildBundles mkdirp@0.5.0
361 verbose rebuildBundles [ 'minimist' ]
362 info install mkdirp@0.5.0
363 info postinstall mkdirp@0.5.0
364 verbose unlock done using D:\nodejs\node_cache\_locks\mkdirp-3df42cc31f06c284.lock for D:\nodejs\node_modules\node_modules\express-generator\node_modules\mkdirp
365 verbose about to build D:\nodejs\node_modules\node_modules\express-generator
366 info build D:\nodejs\node_modules\node_modules\express-generator
367 verbose linkStuff [ true,
367 verbose linkStuff   'D:\\nodejs\\node_modules\\node_modules',
367 verbose linkStuff   true,
367 verbose linkStuff   'D:\\nodejs\\node_modules\\node_modules' ]
368 info linkStuff express-generator@4.12.4
369 verbose linkBins express-generator@4.12.4
370 verbose link bins [ { express: './bin/express' },
370 verbose link bins   'D:\\nodejs\\node_modules',
370 verbose link bins   true ]
371 verbose linkMans express-generator@4.12.4
372 verbose rebuildBundles express-generator@4.12.4
373 verbose rebuildBundles [ '.bin', 'commander', 'mkdirp', 'sorted-object' ]
374 verbose unlock done using D:\nodejs\node_cache\_locks\express-generator-4233dd4c36dc05e7.lock for D:\nodejs\node_modules\node_modules\express-generator
375 verbose stack Error: EISDIR, open 'D:\nodejs\node_modules\express'
375 verbose stack     at Error (native)
376 verbose cwd E:\nodejs\node-js-getting-started
377 error Windows_NT 6.3.9600
378 error argv "D:\\nodejs\\\\node.exe" "D:\\nodejs\\node_modules\\npm\\bin\\npm-cli.js" "install" "-g" "express-generator"
379 error node v0.12.2
380 error npm  v2.7.4
381 error path D:\nodejs\node_modules\express
382 error code EISDIR
383 error errno -4068
384 error EISDIR, open 'D:\nodejs\node_modules\express'
385 error If you need help, you may report this error at:
385 error     <https://github.com/npm/npm/issues>
386 verbose exit [ -4068, true ]
387 verbose unbuild node_modules\express-generator
388 info preuninstall express-generator@4.12.4
389 info uninstall express-generator@4.12.4
390 verbose unbuild rmStuff express-generator@4.12.4 from D:\nodejs\node_modules\node_modules
391 silly gentlyRm D:\nodejs\node_modules\express.cmd is being gently removed
392 silly gentlyRm verifying D:\nodejs\node_modules is an npm working directory
393 silly gentlyRm containing path D:\nodejs\node_modules is under npm's control, in D:\nodejs\node_modules
394 silly gentlyRm deletion target D:\nodejs\node_modules\express.cmd is under D:\nodejs\node_modules
395 verbose gentlyRm vacuuming from D:\nodejs\node_modules\express.cmd up to D:\nodejs\node_modules
396 silly vacuum-fs removing D:\nodejs\node_modules\express.cmd
397 silly vacuum-fs finished vacuuming up to D:\nodejs\node_modules
398 silly gentlyRm D:\nodejs\node_modules\express is being gently removed
399 silly gentlyRm verifying D:\nodejs\node_modules is an npm working directory
400 silly gentlyRm containing path D:\nodejs\node_modules is under npm's control, in D:\nodejs\node_modules
401 silly gentlyRm deletion target D:\nodejs\node_modules\express is under D:\nodejs\node_modules
402 verbose gentlyRm vacuuming from D:\nodejs\node_modules\express up to D:\nodejs\node_modules
403 silly vacuum-fs quitting because other entries in D:\nodejs\node_modules\express
404 info postuninstall express-generator@4.12.4
405 silly gentlyRm D:\nodejs\node_modules\node_modules\express-generator is being purged from base D:\nodejs\node_modules
406 verbose gentlyRm don't care about contents; nuking D:\nodejs\node_modules\node_modules\express-generator
407 silly vacuum-fs purging D:\nodejs\node_modules\node_modules\express-generator
408 silly vacuum-fs removing D:\nodejs\node_modules\node_modules
409 silly vacuum-fs finished vacuuming up to D:\nodejs\node_modules
